JPushExample(1569678)/build/intermediates/manifest_merge_blame_file/debug/manifest-merger-blame-debug-report.txt
1<?xml version="1.0" encoding="utf-8"?>
2<manifest xmlns:android="http://schemas.android.com/apk/res/android"
3    package="com.example.recyclerviewexample"
4    android:versionCode="338"
5    android:versionName="3.3.8" >
6
7    <uses-sdk
7-->RecyClerViewExample\JPushExample(1569678)\AndroidManifest.xml:7:5-47
8        android:minSdkVersion="9"
8-->RecyClerViewExample\JPushExample(1569678)\AndroidManifest.xml:7:5-47
9        android:targetSdkVersion="29" />
9-->RecyClerViewExample\JPushExample(1569678)\AndroidManifest.xml:7:15-44
10
11    <!-- Required -->
12    <permission
12-->RecyClerViewExample\JPushExample(1569678)\AndroidManifest.xml:10:5-12:47
13        android:name="com.example.recyclerviewexample.permission.JPUSH_MESSAGE"
13-->RecyClerViewExample\JPushExample(1569678)\AndroidManifest.xml:11:9-80
14        android:protectionLevel="signature" />
14-->RecyClerViewExample\JPushExample(1569678)\AndroidManifest.xml:12:9-44
15
16    <!-- Required  一些系统要求的权限，如访问网络等 -->
17    <uses-permission android:name="com.example.recyclerviewexample.permission.JPUSH_MESSAGE" />
17-->RecyClerViewExample\JPushExample(1569678)\AndroidManifest.xml:15:5-96
17-->RecyClerViewExample\JPushExample(1569678)\AndroidManifest.xml:15:22-93
18    <uses-permission android:name="android.permission.RECEIVE_USER_PRESENT" />
18-->RecyClerViewExample\JPushExample(1569678)\AndroidManifest.xml:16:5-79
18-->RecyClerViewExample\JPushExample(1569678)\AndroidManifest.xml:16:22-76
19    <uses-permission android:name="android.permission.INTERNET" />
19-->RecyClerViewExample\JPushExample(1569678)\AndroidManifest.xml:17:5-67
19-->RecyClerViewExample\JPushExample(1569678)\AndroidManifest.xml:17:22-64
20    <uses-permission android:name="android.permission.READ_PHONE_STATE" />
20-->RecyClerViewExample\JPushExample(1569678)\AndroidManifest.xml:18:5-75
20-->RecyClerViewExample\JPushExample(1569678)\AndroidManifest.xml:18:22-72
21    <uses-permission android:name="android.permission.WRITE_EXTERNAL_STORAGE" />
21-->RecyClerViewExample\JPushExample(1569678)\AndroidManifest.xml:19:5-81
21-->RecyClerViewExample\JPushExample(1569678)\AndroidManifest.xml:19:22-78
22    <uses-permission android:name="android.permission.READ_EXTERNAL_STORAGE" />
22-->RecyClerViewExample\JPushExample(1569678)\AndroidManifest.xml:20:5-80
22-->RecyClerViewExample\JPushExample(1569678)\AndroidManifest.xml:20:22-77
23    <uses-permission android:name="android.permission.WRITE_SETTINGS" />
23-->RecyClerViewExample\JPushExample(1569678)\AndroidManifest.xml:21:5-73
23-->RecyClerViewExample\JPushExample(1569678)\AndroidManifest.xml:21:22-70
24    <uses-permission android:name="android.permission.MOUNT_UNMOUNT_FILESYSTEMS" />
24-->RecyClerViewExample\JPushExample(1569678)\AndroidManifest.xml:22:5-84
24-->RecyClerViewExample\JPushExample(1569678)\AndroidManifest.xml:22:22-81
25    <uses-permission android:name="android.permission.ACCESS_NETWORK_STATE" />
25-->RecyClerViewExample\JPushExample(1569678)\AndroidManifest.xml:23:5-79
25-->RecyClerViewExample\JPushExample(1569678)\AndroidManifest.xml:23:22-76
26    <uses-permission android:name="android.permission.ACCESS_WIFI_STATE" />
26-->RecyClerViewExample\JPushExample(1569678)\AndroidManifest.xml:24:5-76
26-->RecyClerViewExample\JPushExample(1569678)\AndroidManifest.xml:24:22-73
27
28    <!-- Optional for location -->
29    <uses-permission android:name="android.permission.VIBRATE" />
29-->RecyClerViewExample\JPushExample(1569678)\AndroidManifest.xml:29:5-66
29-->RecyClerViewExample\JPushExample(1569678)\AndroidManifest.xml:29:22-63
30    <uses-permission android:name="android.permission.SYSTEM_ALERT_WINDOW" /> <!-- 用于开启 debug 版本的应用在6.0 系统上 层叠窗口权限 -->
30-->RecyClerViewExample\JPushExample(1569678)\AndroidManifest.xml:30:5-78
30-->RecyClerViewExample\JPushExample(1569678)\AndroidManifest.xml:30:22-75
31    <uses-permission android:name="android.permission.ACCESS_COARSE_LOCATION" />
31-->RecyClerViewExample\JPushExample(1569678)\AndroidManifest.xml:31:5-81
31-->RecyClerViewExample\JPushExample(1569678)\AndroidManifest.xml:31:22-78
32    <uses-permission android:name="android.permission.CHANGE_WIFI_STATE" />
32-->RecyClerViewExample\JPushExample(1569678)\AndroidManifest.xml:32:5-76
32-->RecyClerViewExample\JPushExample(1569678)\AndroidManifest.xml:32:22-73
33    <uses-permission android:name="android.permission.ACCESS_FINE_LOCATION" />
33-->RecyClerViewExample\JPushExample(1569678)\AndroidManifest.xml:33:5-79
33-->RecyClerViewExample\JPushExample(1569678)\AndroidManifest.xml:33:22-76
34    <uses-permission android:name="android.permission.ACCESS_LOCATION_EXTRA_COMMANDS" />
34-->RecyClerViewExample\JPushExample(1569678)\AndroidManifest.xml:34:5-89
34-->RecyClerViewExample\JPushExample(1569678)\AndroidManifest.xml:34:22-86
35    <uses-permission android:name="android.permission.CHANGE_NETWORK_STATE" />
35-->RecyClerViewExample\JPushExample(1569678)\AndroidManifest.xml:35:5-79
35-->RecyClerViewExample\JPushExample(1569678)\AndroidManifest.xml:35:22-76
36    <uses-permission android:name="android.permission.GET_TASKS" />
36-->RecyClerViewExample\JPushExample(1569678)\AndroidManifest.xml:36:5-68
36-->RecyClerViewExample\JPushExample(1569678)\AndroidManifest.xml:36:22-65
37
38    <application
38-->RecyClerViewExample\JPushExample(1569678)\AndroidManifest.xml:38:5-197:19
39        android:name="com.example.jpushdemo.ExampleApplication"
39-->RecyClerViewExample\JPushExample(1569678)\AndroidManifest.xml:42:9-64
40        android:allowBackup="false"
40-->RecyClerViewExample\JPushExample(1569678)\AndroidManifest.xml:40:9-36
41        android:debuggable="true"
42        android:icon="@drawable/ic_launcher"
42-->RecyClerViewExample\JPushExample(1569678)\AndroidManifest.xml:39:9-45
43        android:label="@string/app_name"
43-->RecyClerViewExample\JPushExample(1569678)\AndroidManifest.xml:41:9-41
44        android:testOnly="true" >
45
46        <!-- For test only 测试的主程序 -->
47        <activity
47-->RecyClerViewExample\JPushExample(1569678)\AndroidManifest.xml:45:9-52:20
48            android:name="com.example.jpushdemo.MainActivity"
48-->RecyClerViewExample\JPushExample(1569678)\AndroidManifest.xml:46:13-62
49            android:label="@string/app_name" >
49-->RecyClerViewExample\JPushExample(1569678)\AndroidManifest.xml:47:13-45
50            <intent-filter>
50-->RecyClerViewExample\JPushExample(1569678)\AndroidManifest.xml:48:13-51:29
51                <action android:name="android.intent.action.MAIN" />
51-->RecyClerViewExample\JPushExample(1569678)\AndroidManifest.xml:49:17-69
51-->RecyClerViewExample\JPushExample(1569678)\AndroidManifest.xml:49:25-66
52
53                <category android:name="android.intent.category.LAUNCHER" />
53-->RecyClerViewExample\JPushExample(1569678)\AndroidManifest.xml:50:17-77
53-->RecyClerViewExample\JPushExample(1569678)\AndroidManifest.xml:50:27-74
54            </intent-filter>
55        </activity>
56        <!-- For test only 测试高级功能 -->
57        <activity
57-->RecyClerViewExample\JPushExample(1569678)\AndroidManifest.xml:54:8-115
58            android:name="com.example.jpushdemo.PushSetActivity"
58-->RecyClerViewExample\JPushExample(1569678)\AndroidManifest.xml:54:18-70
59            android:label="@string/app_name" />
59-->RecyClerViewExample\JPushExample(1569678)\AndroidManifest.xml:54:71-103
60        <!-- For test only 测试设置 -->
61        <activity
61-->RecyClerViewExample\JPushExample(1569678)\AndroidManifest.xml:56:8-115
62            android:name="com.example.jpushdemo.SettingActivity"
62-->RecyClerViewExample\JPushExample(1569678)\AndroidManifest.xml:56:18-70
63            android:label="@string/app_name" />
63-->RecyClerViewExample\JPushExample(1569678)\AndroidManifest.xml:56:71-103
64        <!-- For test only 测试状态通知栏，需要打开的Activity -->
65        <activity
65-->RecyClerViewExample\JPushExample(1569678)\AndroidManifest.xml:58:9-63:20
66            android:name="com.example.jpushdemo.TestActivity"
66-->RecyClerViewExample\JPushExample(1569678)\AndroidManifest.xml:58:19-68
67            android:exported="false" >
67-->RecyClerViewExample\JPushExample(1569678)\AndroidManifest.xml:58:69-93
68            <intent-filter>
68-->RecyClerViewExample\JPushExample(1569678)\AndroidManifest.xml:59:13-62:29
69                <action android:name="jpush.testAction" />
69-->RecyClerViewExample\JPushExample(1569678)\AndroidManifest.xml:60:17-59
69-->RecyClerViewExample\JPushExample(1569678)\AndroidManifest.xml:60:25-56
70
71                <category android:name="jpush.testCategory" />
71-->RecyClerViewExample\JPushExample(1569678)\AndroidManifest.xml:61:17-63
71-->RecyClerViewExample\JPushExample(1569678)\AndroidManifest.xml:61:27-60
72            </intent-filter>
73        </activity>
74
75        <!-- Rich push 核心功能 since 2.0.6 -->
76        <activity
76-->RecyClerViewExample\JPushExample(1569678)\AndroidManifest.xml:66:9-70:20
77            android:name="cn.jpush.android.ui.PopWinActivity"
77-->RecyClerViewExample\JPushExample(1569678)\AndroidManifest.xml:67:13-62
78            android:exported="false"
78-->RecyClerViewExample\JPushExample(1569678)\AndroidManifest.xml:69:13-37
79            android:theme="@style/MyDialogStyle" >
79-->RecyClerViewExample\JPushExample(1569678)\AndroidManifest.xml:68:13-49
80        </activity>
81
82        <!-- Required SDK核心功能 -->
83        <activity
83-->RecyClerViewExample\JPushExample(1569678)\AndroidManifest.xml:73:9-83:20
84            android:name="cn.jpush.android.ui.PushActivity"
84-->RecyClerViewExample\JPushExample(1569678)\AndroidManifest.xml:74:13-60
85            android:configChanges="orientation|keyboardHidden"
85-->RecyClerViewExample\JPushExample(1569678)\AndroidManifest.xml:75:13-63
86            android:exported="false"
86-->RecyClerViewExample\JPushExample(1569678)\AndroidManifest.xml:77:13-37
87            android:theme="@android:style/Theme.NoTitleBar" >
87-->RecyClerViewExample\JPushExample(1569678)\AndroidManifest.xml:76:13-60
88            <intent-filter>
88-->RecyClerViewExample\JPushExample(1569678)\AndroidManifest.xml:78:13-82:29
89                <action android:name="cn.jpush.android.ui.PushActivity" />
89-->RecyClerViewExample\JPushExample(1569678)\AndroidManifest.xml:79:17-75
89-->RecyClerViewExample\JPushExample(1569678)\AndroidManifest.xml:79:25-72
90
91                <category android:name="android.intent.category.DEFAULT" />
91-->RecyClerViewExample\JPushExample(1569678)\AndroidManifest.xml:80:17-76
91-->RecyClerViewExample\JPushExample(1569678)\AndroidManifest.xml:80:27-73
92                <category android:name="com.example.recyclerviewexample" />
92-->RecyClerViewExample\JPushExample(1569678)\AndroidManifest.xml:81:17-76
92-->RecyClerViewExample\JPushExample(1569678)\AndroidManifest.xml:81:27-73
93            </intent-filter>
94        </activity>
95
96        <!-- Required SDK 核心功能 -->
97        <!-- 可配置android:process参数将PushService放在其他进程中 -->
98        <service
98-->RecyClerViewExample\JPushExample(1569678)\AndroidManifest.xml:87:9-97:19
99            android:name="cn.jpush.android.service.PushService"
99-->RecyClerViewExample\JPushExample(1569678)\AndroidManifest.xml:88:13-64
100            android:exported="false"
100-->RecyClerViewExample\JPushExample(1569678)\AndroidManifest.xml:90:13-37
101            android:process=":pushcore" >
101-->RecyClerViewExample\JPushExample(1569678)\AndroidManifest.xml:89:13-40
102            <intent-filter>
102-->RecyClerViewExample\JPushExample(1569678)\AndroidManifest.xml:91:13-96:29
103                <action android:name="cn.jpush.android.intent.REGISTER" />
103-->RecyClerViewExample\JPushExample(1569678)\AndroidManifest.xml:92:17-75
103-->RecyClerViewExample\JPushExample(1569678)\AndroidManifest.xml:92:25-72
104                <action android:name="cn.jpush.android.intent.REPORT" />
104-->RecyClerViewExample\JPushExample(1569678)\AndroidManifest.xml:93:17-73
104-->RecyClerViewExample\JPushExample(1569678)\AndroidManifest.xml:93:25-70
105                <action android:name="cn.jpush.android.intent.PushService" />
105-->RecyClerViewExample\JPushExample(1569678)\AndroidManifest.xml:94:17-78
105-->RecyClerViewExample\JPushExample(1569678)\AndroidManifest.xml:94:25-75
106                <action android:name="cn.jpush.android.intent.PUSH_TIME" />
106-->RecyClerViewExample\JPushExample(1569678)\AndroidManifest.xml:95:17-76
106-->RecyClerViewExample\JPushExample(1569678)\AndroidManifest.xml:95:25-73
107            </intent-filter>
108        </service>
109        <!-- since 3.0.9 Required SDK 核心功能 -->
110        <provider
110-->RecyClerViewExample\JPushExample(1569678)\AndroidManifest.xml:99:9-104:11
111            android:name="cn.jpush.android.service.DataProvider"
111-->RecyClerViewExample\JPushExample(1569678)\AndroidManifest.xml:101:13-65
112            android:authorities="com.example.recyclerviewexample.DataProvider"
112-->RecyClerViewExample\JPushExample(1569678)\AndroidManifest.xml:100:13-79
113            android:exported="false"
113-->RecyClerViewExample\JPushExample(1569678)\AndroidManifest.xml:103:13-37
114            android:process=":pushcore" />
114-->RecyClerViewExample\JPushExample(1569678)\AndroidManifest.xml:102:13-40
115
116        <!-- since 1.8.0 option 可选项。用于同一设备中不同应用的JPush服务相互拉起的功能。 -->
117        <!-- 若不启用该功能可删除该组件，将不拉起其他应用也不能被其他应用拉起 -->
118        <service
118-->RecyClerViewExample\JPushExample(1569678)\AndroidManifest.xml:108:9-117:19
119            android:name="cn.jpush.android.service.DaemonService"
119-->RecyClerViewExample\JPushExample(1569678)\AndroidManifest.xml:109:13-66
120            android:enabled="true"
120-->RecyClerViewExample\JPushExample(1569678)\AndroidManifest.xml:110:13-35
121            android:exported="true" >
121-->RecyClerViewExample\JPushExample(1569678)\AndroidManifest.xml:111:13-36
122            <intent-filter>
122-->RecyClerViewExample\JPushExample(1569678)\AndroidManifest.xml:112:13-115:29
123                <action android:name="cn.jpush.android.intent.DaemonService" />
123-->RecyClerViewExample\JPushExample(1569678)\AndroidManifest.xml:113:17-80
123-->RecyClerViewExample\JPushExample(1569678)\AndroidManifest.xml:113:25-77
124
125                <category android:name="com.example.recyclerviewexample" />
125-->RecyClerViewExample\JPushExample(1569678)\AndroidManifest.xml:81:17-76
125-->RecyClerViewExample\JPushExample(1569678)\AndroidManifest.xml:81:27-73
126            </intent-filter>
127        </service>
128        <!-- since 3.1.0 Required SDK 核心功能 -->
129        <provider
129-->RecyClerViewExample\JPushExample(1569678)\AndroidManifest.xml:119:9-123:11
130            android:name="cn.jpush.android.service.DownloadProvider"
130-->RecyClerViewExample\JPushExample(1569678)\AndroidManifest.xml:121:13-69
131            android:authorities="com.example.recyclerviewexample.DownloadProvider"
131-->RecyClerViewExample\JPushExample(1569678)\AndroidManifest.xml:120:13-83
132            android:exported="true" />
132-->RecyClerViewExample\JPushExample(1569678)\AndroidManifest.xml:122:13-36
133        <!-- Required SDK核心功能 -->
134        <receiver
134-->RecyClerViewExample\JPushExample(1569678)\AndroidManifest.xml:125:9-144:20
135            android:name="cn.jpush.android.service.PushReceiver"
135-->RecyClerViewExample\JPushExample(1569678)\AndroidManifest.xml:126:13-65
136            android:enabled="true"
136-->RecyClerViewExample\JPushExample(1569678)\AndroidManifest.xml:127:13-35
137            android:exported="false" >
137-->RecyClerViewExample\JPushExample(1569678)\AndroidManifest.xml:128:13-37
138            <intent-filter android:priority="1000" >
138-->RecyClerViewExample\JPushExample(1569678)\AndroidManifest.xml:129:13-132:29
138-->RecyClerViewExample\JPushExample(1569678)\AndroidManifest.xml:129:28-51
139                <action android:name="cn.jpush.android.intent.NOTIFICATION_RECEIVED_PROXY" /> <!-- Required  显示通知栏 -->
139-->RecyClerViewExample\JPushExample(1569678)\AndroidManifest.xml:130:17-94
139-->RecyClerViewExample\JPushExample(1569678)\AndroidManifest.xml:130:25-91
140                <category android:name="com.example.recyclerviewexample" />
140-->RecyClerViewExample\JPushExample(1569678)\AndroidManifest.xml:81:17-76
140-->RecyClerViewExample\JPushExample(1569678)\AndroidManifest.xml:81:27-73
141            </intent-filter>
142            <intent-filter>
142-->RecyClerViewExample\JPushExample(1569678)\AndroidManifest.xml:133:13-136:29
143                <action android:name="android.intent.action.USER_PRESENT" />
143-->RecyClerViewExample\JPushExample(1569678)\AndroidManifest.xml:134:17-77
143-->RecyClerViewExample\JPushExample(1569678)\AndroidManifest.xml:134:25-74
144                <action android:name="android.net.conn.CONNECTIVITY_CHANGE" />
144-->RecyClerViewExample\JPushExample(1569678)\AndroidManifest.xml:135:17-79
144-->RecyClerViewExample\JPushExample(1569678)\AndroidManifest.xml:135:25-76
145            </intent-filter>
146            <!-- Optional -->
147            <intent-filter>
147-->RecyClerViewExample\JPushExample(1569678)\AndroidManifest.xml:138:13-143:29
148                <action android:name="android.intent.action.PACKAGE_ADDED" />
148-->RecyClerViewExample\JPushExample(1569678)\AndroidManifest.xml:139:17-78
148-->RecyClerViewExample\JPushExample(1569678)\AndroidManifest.xml:139:25-75
149                <action android:name="android.intent.action.PACKAGE_REMOVED" />
149-->RecyClerViewExample\JPushExample(1569678)\AndroidManifest.xml:140:17-80
149-->RecyClerViewExample\JPushExample(1569678)\AndroidManifest.xml:140:25-77
150
151                <data android:scheme="package" />
151-->RecyClerViewExample\JPushExample(1569678)\AndroidManifest.xml:142:17-50
151-->RecyClerViewExample\JPushExample(1569678)\AndroidManifest.xml:142:23-47
152            </intent-filter>
153        </receiver>
154
155        <!-- Required SDK核心功能 -->
156        <receiver
156-->RecyClerViewExample\JPushExample(1569678)\AndroidManifest.xml:147:9-99
157            android:name="cn.jpush.android.service.AlarmReceiver"
157-->RecyClerViewExample\JPushExample(1569678)\AndroidManifest.xml:147:19-72
158            android:exported="false" />
158-->RecyClerViewExample\JPushExample(1569678)\AndroidManifest.xml:147:73-97
159
160        <!-- since 3.3.0 Required SDK核心功能 -->
161        <activity
161-->RecyClerViewExample\JPushExample(1569678)\AndroidManifest.xml:150:9-159:20
162            android:name="cn.jpush.android.service.JNotifyActivity"
162-->RecyClerViewExample\JPushExample(1569678)\AndroidManifest.xml:151:13-68
163            android:exported="true"
163-->RecyClerViewExample\JPushExample(1569678)\AndroidManifest.xml:152:13-36
164            android:taskAffinity="jpush.custom"
164-->RecyClerViewExample\JPushExample(1569678)\AndroidManifest.xml:153:13-48
165            android:theme="@android:style/Theme.Translucent.NoTitleBar" >
165-->RecyClerViewExample\JPushExample(1569678)\AndroidManifest.xml:154:13-72
166            <intent-filter>
166-->RecyClerViewExample\JPushExample(1569678)\AndroidManifest.xml:155:13-158:29
167                <action android:name="cn.jpush.android.intent.JNotifyActivity" />
167-->RecyClerViewExample\JPushExample(1569678)\AndroidManifest.xml:156:17-82
167-->RecyClerViewExample\JPushExample(1569678)\AndroidManifest.xml:156:25-79
168
169                <category android:name="com.example.recyclerviewexample" />
169-->RecyClerViewExample\JPushExample(1569678)\AndroidManifest.xml:81:17-76
169-->RecyClerViewExample\JPushExample(1569678)\AndroidManifest.xml:81:27-73
170            </intent-filter>
171        </activity>
172
173        <!-- Since JCore2.0.0 Required SDK核心功能 -->
174        <!-- 这个Service要继承JCommonService -->
175        <service
175-->RecyClerViewExample\JPushExample(1569678)\AndroidManifest.xml:163:10-168:20
176            android:name="com.example.jpushdemo.PushService"
176-->RecyClerViewExample\JPushExample(1569678)\AndroidManifest.xml:163:19-67
177            android:process=":pushcore" >
177-->RecyClerViewExample\JPushExample(1569678)\AndroidManifest.xml:164:18-45
178            <intent-filter>
178-->RecyClerViewExample\JPushExample(1569678)\AndroidManifest.xml:165:18-167:34
179                <action android:name="cn.jiguang.user.service.action" />
179-->RecyClerViewExample\JPushExample(1569678)\AndroidManifest.xml:166:22-78
179-->RecyClerViewExample\JPushExample(1569678)\AndroidManifest.xml:166:30-75
180            </intent-filter>
181        </service>
182
183        <!-- User defined.  For test only  用户自定义的广播接收器 -->
184        <receiver
184-->RecyClerViewExample\JPushExample(1569678)\AndroidManifest.xml:172:9-184:20
185            android:name="com.example.jpushdemo.MyReceiver"
185-->RecyClerViewExample\JPushExample(1569678)\AndroidManifest.xml:173:13-60
186            android:enabled="true"
186-->RecyClerViewExample\JPushExample(1569678)\AndroidManifest.xml:175:13-35
187            android:exported="false" >
187-->RecyClerViewExample\JPushExample(1569678)\AndroidManifest.xml:174:13-37
188            <intent-filter>
188-->RecyClerViewExample\JPushExample(1569678)\AndroidManifest.xml:176:13-183:29
189                <action android:name="cn.jpush.android.intent.REGISTRATION" /> <!-- Required  用户注册SDK的intent -->
189-->RecyClerViewExample\JPushExample(1569678)\AndroidManifest.xml:177:17-79
189-->RecyClerViewExample\JPushExample(1569678)\AndroidManifest.xml:177:25-76
190                <action android:name="cn.jpush.android.intent.MESSAGE_RECEIVED" /> <!-- Required  用户接收SDK消息的intent -->
190-->RecyClerViewExample\JPushExample(1569678)\AndroidManifest.xml:178:17-83
190-->RecyClerViewExample\JPushExample(1569678)\AndroidManifest.xml:178:25-80
191                <action android:name="cn.jpush.android.intent.NOTIFICATION_RECEIVED" /> <!-- Required  用户接收SDK通知栏信息的intent -->
191-->RecyClerViewExample\JPushExample(1569678)\AndroidManifest.xml:179:17-88
191-->RecyClerViewExample\JPushExample(1569678)\AndroidManifest.xml:179:25-85
192                <action android:name="cn.jpush.android.intent.NOTIFICATION_OPENED" /> <!-- Required  用户打开自定义通知栏的intent -->
192-->RecyClerViewExample\JPushExample(1569678)\AndroidManifest.xml:180:17-86
192-->RecyClerViewExample\JPushExample(1569678)\AndroidManifest.xml:180:25-83
193                <action android:name="cn.jpush.android.intent.CONNECTION" /> <!-- 接收网络变化 连接/断开 since 1.6.3 -->
193-->RecyClerViewExample\JPushExample(1569678)\AndroidManifest.xml:181:17-77
193-->RecyClerViewExample\JPushExample(1569678)\AndroidManifest.xml:181:25-74
194                <category android:name="com.example.recyclerviewexample" />
194-->RecyClerViewExample\JPushExample(1569678)\AndroidManifest.xml:81:17-76
194-->RecyClerViewExample\JPushExample(1569678)\AndroidManifest.xml:81:27-73
195            </intent-filter>
196        </receiver>
197
198        <!-- User defined.  For test only  用户自定义接收消息器,3.0.7开始支持,目前新tag/alias接口设置结果会在该广播接收器对应的方法中回调 -->
199        <receiver android:name="com.example.jpushdemo.MyJPushMessageReceiver" >
199-->RecyClerViewExample\JPushExample(1569678)\AndroidManifest.xml:187:9-192:20
199-->RecyClerViewExample\JPushExample(1569678)\AndroidManifest.xml:187:19-78
200            <intent-filter>
200-->RecyClerViewExample\JPushExample(1569678)\AndroidManifest.xml:188:13-191:29
201                <action android:name="cn.jpush.android.intent.RECEIVE_MESSAGE" />
201-->RecyClerViewExample\JPushExample(1569678)\AndroidManifest.xml:189:17-82
201-->RecyClerViewExample\JPushExample(1569678)\AndroidManifest.xml:189:25-79
202
203                <category android:name="com.example.recyclerviewexample" />
203-->RecyClerViewExample\JPushExample(1569678)\AndroidManifest.xml:81:17-76
203-->RecyClerViewExample\JPushExample(1569678)\AndroidManifest.xml:81:27-73
204            </intent-filter>
205        </receiver>
206        <!-- Required  . Enable it you can get statistics data with channel -->
207        <meta-data
207-->RecyClerViewExample\JPushExample(1569678)\AndroidManifest.xml:194:9-84
208            android:name="JPUSH_CHANNEL"
208-->RecyClerViewExample\JPushExample(1569678)\AndroidManifest.xml:194:20-48
209            android:value="developer-default" />
209-->RecyClerViewExample\JPushExample(1569678)\AndroidManifest.xml:194:49-82
210        <meta-data
210-->RecyClerViewExample\JPushExample(1569678)\AndroidManifest.xml:195:9-91
211            android:name="JPUSH_APPKEY"
211-->RecyClerViewExample\JPushExample(1569678)\AndroidManifest.xml:195:20-47
212            android:value="170e9ca945f30deae25c770e" /> <!-- </>值来自开发者平台取得的AppKey -->
212-->RecyClerViewExample\JPushExample(1569678)\AndroidManifest.xml:195:48-88
213
214    </application>
215
216</manifest>